# JRE version: OpenJDK Runtime Environment (8.0_152-b02) (build 1.8.0_152-release-1024-b02)
# Java VM: OpenJDK 64-Bit Server VM (25.152-b02 mixed mode windows-amd64 compressed oops)
Heap:
 PSYoungGen      total 87040K, used 20585K [0x00000000e0000000, 0x00000000e6b00000, 0x0000000100000000)
  eden space 74240K, 10% used [0x00000000e0000000,0x00000000e079b8d0,0x00000000e4880000)
  from space 12800K, 99% used [0x00000000e5e80000,0x00000000e6afec90,0x00000000e6b00000)
  to   space 16384K, 0% used [0x00000000e4b00000,0x00000000e4b00000,0x00000000e5b00000)
 ParOldGen       total 90112K, used 44964K [0x00000000a0000000, 0x00000000a5800000, 0x00000000e0000000)
  object space 90112K, 49% used [0x00000000a0000000,0x00000000a2be93c8,0x00000000a5800000)
 Metaspace       used 68953K, capacity 71922K, committed 72024K, reserved 1112064K
  class space    used 9217K, capacity 9852K, committed 9856K, reserved 1048576K
GC Heap History (10 events):
Event: 87.452 GC heap before
{Heap before GC invocations=26 (full 2):
 PSYoungGen      total 67072K, used 66738K [0x00000000e0000000, 0x00000000e5400000, 0x0000000100000000)
  eden space 60416K, 100% used [0x00000000e0000000,0x00000000e3b00000,0x00000000e3b00000)
  from space 6656K, 94% used [0x00000000e3b00000,0x00000000e412cac8,0x00000000e4180000)
  to   space 7168K, 0% used [0x00000000e4d00000,0x00000000e4d00000,0x00000000e5400000)
 ParOldGen       total 54272K, used 27062K [0x00000000a0000000, 0x00000000a3500000, 0x00000000e0000000)
  object space 54272K, 49% used [0x00000000a0000000,0x00000000a1a6d9b8,0x00000000a3500000)
 Metaspace       used 53807K, capacity 55336K, committed 55640K, reserved 1097728K
  class space    used 7317K, capacity 7715K, committed 7808K, reserved 1048576K
Event: 87.479 GC heap after
Heap after GC invocations=26 (full 2):
 PSYoungGen      total 76288K, used 7160K [0x00000000e0000000, 0x00000000e5800000, 0x0000000100000000)
  eden space 69120K, 0% used [0x00000000e0000000,0x00000000e0000000,0x00000000e4380000)
  from space 7168K, 99% used [0x00000000e4d00000,0x00000000e53fe1c0,0x00000000e5400000)
  to   space 9728K, 0% used [0x00000000e4380000,0x00000000e4380000,0x00000000e4d00000)
 ParOldGen       total 54272K, used 30891K [0x00000000a0000000, 0x00000000a3500000, 0x00000000e0000000)
  object space 54272K, 56% used [0x00000000a0000000,0x00000000a1e2ad38,0x00000000a3500000)
 Metaspace       used 53807K, capacity 55336K, committed 55640K, reserved 1097728K
  class space    used 7317K, capacity 7715K, committed 7808K, reserved 1048576K
}
Event: 117.559 GC heap before
{Heap before GC invocations=27 (full 2):
 PSYoungGen      total 76288K, used 76280K [0x00000000e0000000, 0x00000000e5800000, 0x0000000100000000)
  eden space 69120K, 100% used [0x00000000e0000000,0x00000000e4380000,0x00000000e4380000)
  from space 7168K, 99% used [0x00000000e4d00000,0x00000000e53fe1c0,0x00000000e5400000)
  to   space 9728K, 0% used [0x00000000e4380000,0x00000000e4380000,0x00000000e4d00000)
 ParOldGen       total 54272K, used 30891K [0x00000000a0000000, 0x00000000a3500000, 0x00000000e0000000)
  object space 54272K, 56% used [0x00000000a0000000,0x00000000a1e2ad38,0x00000000a3500000)
 Metaspace       used 55863K, capacity 57506K, committed 57560K, reserved 1099776K
  class space    used 7522K, capacity 7908K, committed 7936K, reserved 1048576K
Event: 117.583 GC heap after
Heap after GC invocations=27 (full 2):
 PSYoungGen      total 78848K, used 7076K [0x00000000e0000000, 0x00000000e5e00000, 0x0000000100000000)
  eden space 69120K, 0% used [0x00000000e0000000,0x00000000e0000000,0x00000000e4380000)
  from space 9728K, 72% used [0x00000000e4380000,0x00000000e4a69090,0x00000000e4d00000)
  to   space 9728K, 0% used [0x00000000e5480000,0x00000000e5480000,0x00000000e5e00000)
 ParOldGen       total 54272K, used 36876K [0x00000000a0000000, 0x00000000a3500000, 0x00000000e0000000)
  object space 54272K, 67% used [0x00000000a0000000,0x00000000a2403268,0x00000000a3500000)
 Metaspace       used 55863K, capacity 57506K, committed 57560K, reserved 1099776K
  class space    used 7522K, capacity 7908K, committed 7936K, reserved 1048576K
}
Event: 122.053 GC heap before
{Heap before GC invocations=28 (full 2):
 PSYoungGen      total 78848K, used 41373K [0x00000000e0000000, 0x00000000e5e00000, 0x0000000100000000)
  eden space 69120K, 49% used [0x00000000e0000000,0x00000000e217e4b0,0x00000000e4380000)
  from space 9728K, 72% used [0x00000000e4380000,0x00000000e4a69090,0x00000000e4d00000)
  to   space 9728K, 0% used [0x00000000e5480000,0x00000000e5480000,0x00000000e5e00000)
 ParOldGen       total 54272K, used 36876K [0x00000000a0000000, 0x00000000a3500000, 0x00000000e0000000)
  object space 54272K, 67% used [0x00000000a0000000,0x00000000a2403268,0x00000000a3500000)
 Metaspace       used 57248K, capacity 58930K, committed 59028K, reserved 1099776K
  class space    used 7726K, capacity 8146K, committed 8192K, reserved 1048576K
Event: 122.065 GC heap after
Heap after GC invocations=28 (full 2):
 PSYoungGen      total 85504K, used 5492K [0x00000000e0000000, 0x00000000e5d80000, 0x0000000100000000)
  eden space 76288K, 0% used [0x00000000e0000000,0x00000000e0000000,0x00000000e4a80000)
  from space 9216K, 59% used [0x00000000e5480000,0x00000000e59dd0f8,0x00000000e5d80000)
  to   space 9728K, 0% used [0x00000000e4a80000,0x00000000e4a80000,0x00000000e5400000)
 ParOldGen       total 54272K, used 36884K [0x00000000a0000000, 0x00000000a3500000, 0x00000000e0000000)
  object space 54272K, 67% used [0x00000000a0000000,0x00000000a2405268,0x00000000a3500000)
 Metaspace       used 57248K, capacity 58930K, committed 59028K, reserved 1099776K
  class space    used 7726K, capacity 8146K, committed 8192K, reserved 1048576K
}
Event: 122.065 GC heap before
{Heap before GC invocations=29 (full 3):
 PSYoungGen      total 85504K, used 5492K [0x00000000e0000000, 0x00000000e5d80000, 0x0000000100000000)
  eden space 76288K, 0% used [0x00000000e0000000,0x00000000e0000000,0x00000000e4a80000)
  from space 9216K, 59% used [0x00000000e5480000,0x00000000e59dd0f8,0x00000000e5d80000)
  to   space 9728K, 0% used [0x00000000e4a80000,0x00000000e4a80000,0x00000000e5400000)
 ParOldGen       total 54272K, used 36884K [0x00000000a0000000, 0x00000000a3500000, 0x00000000e0000000)
  object space 54272K, 67% used [0x00000000a0000000,0x00000000a2405268,0x00000000a3500000)
 Metaspace       used 57248K, capacity 58930K, committed 59028K, reserved 1099776K
  class space    used 7726K, capacity 8146K, committed 8192K, reserved 1048576K
Event: 122.593 GC heap after
Heap after GC invocations=29 (full 3):
 PSYoungGen      total 85504K, used 0K [0x00000000e0000000, 0x00000000e5d80000, 0x0000000100000000)
  eden space 76288K, 0% used [0x00000000e0000000,0x00000000e0000000,0x00000000e4a80000)
  from space 9216K, 0% used [0x00000000e5480000,0x00000000e5480000,0x00000000e5d80000)
  to   space 9728K, 0% used [0x00000000e4a80000,0x00000000e4a80000,0x00000000e5400000)
 ParOldGen       total 90112K, used 35113K [0x00000000a0000000, 0x00000000a5800000, 0x00000000e0000000)
  object space 90112K, 38% used [0x00000000a0000000,0x00000000a224a570,0x00000000a5800000)
 Metaspace       used 57248K, capacity 58930K, committed 59028K, reserved 1099776K
  class space    used 7726K, capacity 8146K, committed 8192K, reserved 1048576K
}
Event: 136.280 GC heap before
{Heap before GC invocations=30 (full 3):
 PSYoungGen      total 85504K, used 76288K [0x00000000e0000000, 0x00000000e5d80000, 0x0000000100000000)
  eden space 76288K, 100% used [0x00000000e0000000,0x00000000e4a80000,0x00000000e4a80000)
  from space 9216K, 0% used [0x00000000e5480000,0x00000000e5480000,0x00000000e5d80000)
  to   space 9728K, 0% used [0x00000000e4a80000,0x00000000e4a80000,0x00000000e5400000)
 ParOldGen       total 90112K, used 35113K [0x00000000a0000000, 0x00000000a5800000, 0x00000000e0000000)
  object space 90112K, 38% used [0x00000000a0000000,0x00000000a224a570,0x00000000a5800000)
 Metaspace       used 61460K, capacity 63186K, committed 63320K, reserved 1103872K
  class space    used 8149K, capacity 8562K, committed 8576K, reserved 1048576K
Event: 136.325 GC heap after
Heap after GC invocations=30 (full 3):
 PSYoungGen      total 86016K, used 9697K [0x00000000e0000000, 0x00000000e6b00000, 0x0000000100000000)
  eden space 76288K, 0% used [0x00000000e0000000,0x00000000e0000000,0x00000000e4a80000)
  from space 9728K, 99% used [0x00000000e4a80000,0x00000000e53f85b8,0x00000000e5400000)
  to   space 12800K, 0% used [0x00000000e5e80000,0x00000000e5e80000,0x00000000e6b00000)
 ParOldGen       total 90112K, used 40013K [0x00000000a0000000, 0x00000000a5800000, 0x00000000e0000000)
  object space 90112K, 44% used [0x00000000a0000000,0x00000000a2713738,0x00000000a5800000)
 Metaspace       used 61460K, capacity 63186K, committed 63320K, reserved 1103872K
  class space    used 8149K, capacity 8562K, committed 8576K, reserved 1048576K
}

